<sos> when i was in my , i got my first . 
<sos> i was confused and studied clinical psychology . 
<sos> she was a female woman . 
<sos> when she came in the first , she wore her and and a a , and she fell in my office in my office , her her and and told me she would be there to talk about about . 
<sos> and when i heard , i was . . 
<sos> my first business was a a first patient . 
<sos> and i got a woman in the woman who wanted to talk about . 
<sos> i i i . 
<sos> but i did . 
<sos> with the stories , who alex with them , it was easy for me to simply with the head , while we the problems problems . us . 
<sos> " 30 is the new 20 " said , " i i felt that she was right . 
<sos> work later , later later later later later later came later death later later . 
<sos> people in the , and i had nothing as a time . 
<sos> but soon , me to my caregiver , let 's ask my question . 
<sos> i taught . 
<sos> i said , " yeah , she talked about men with her her , she agreed with a , but she wo n't marry him . " 
<sos> and i said , " not yet , but better better the next . 
<sos> also , the best time to work on marriage is even before married married . " 
<sos> this is what psychologists called a . 
<sos> that was the moment that i realized that 30 is the new 20 . 
<sos> yes , people were later about once than they did n't do n't . . 
<sos> made alex up the the and and we sat there . 
<sos> since i realized that this kind of a has a problem with real consequences , just for and , and her , , but for for the , families and all the people in the . 
<sos> there is a 50 million people in the united states . 
<sos> we 're talking about about 15 percent of percent , or 100 percent when you expect that nobody has done to go through the . . 
<sos> watch if you 're in your . . 
<sos> i want to see you . 
<sos> oh , yeah ! you 're all amazing . 
<sos> if you get in in the crowd , you know , one woman in the , , i want to see you . . great . people . 
<sos> my favorite are in in the , because i believe every single one of these 50 to know what psychologists psychologists , scientists , and and and : : the the of of of the , and and things things that you can do for for work , for for
<sos> it 's not my opinion . 
<sos> we know that 80 percent of percent moments in time to 35 . 
<sos> that means that eight of 10 decisions , and and and , that out of your life , what it is , until your 30 , are are . 
<sos> do n't know if you 're over 40 . 
<sos> that 's will be well , i believe . 
<sos> we know that first 10 10 years of a tremendous impact impact on how much money money . 
<sos> we know that 30 30 half the americans of americans are or or to the or partner . 
<sos> we know that brain brain is and and large large in in the the , , and the to the , , which means whatever you might want to change you now , time time to do this . 
<sos> we know that personalities are during the average percentage than than in the life and and the the of women with with their peak and and after 35 . 
<sos> so the you should feel about about the body and your own possibilities . 
<sos> if we think about the development of a child , we all know that the first five years for five years and the in the brain . 
<sos> it 's time time in which the life life an impact impact on the future . 
<sos> but we hear hear that there are such such as and and and our our are are . . 
<sos> but you ca n't hear people in the . 
<sos> the press spoke about the . . 
<sos> scientists call the hero . . 
<sos> journalists remember for people people in the the like " " " or " " . " 
<sos> that 's true . 
<sos> as a culture , we have the what the critical decade is . . 
<sos> and public meant that great things come with a a little bit little bit time . 
<sos> right ? 
<sos> so what happens when you put somebody in the the head head and says , " you 're 10 10 years to make something out of life life ? 
<sos> nothing . 
<sos> this guy is the and and the . . 
<sos> and so every day day , interesting people in the the like like , like your sons sons and daughters to me office and say me something like , " i know , my friend does n't good good , but i do n't think about the time . "
<sos> or they say say , " i say , as i learned 30 30 years to my career , everything is good . " 
<sos> but later later , this : " my my are over , and i did nothing . 
<sos> i had a better than when i had completed . " 
<sos> and then it sounds like , " my my was just like the journey . jerusalem . 
<sos> all all and had fun , but then 30 was all the and and began . 
<sos> i did n't want the only ones ; i think sometimes i i my husband , because he was in my 30s the next chair . " 
<sos> where are people in the ? 
<sos> does n't . 
<sos> ok , it 's easy , but no better , because it 's very much . 
<sos> if lots of distance on the distance , there 's a enormous pressure pressure in the the the fast fast , a city , a city , a partner and two or three children in a three - dimensional . . 
<sos> many of these things are like and and now just show them and and and so suddenly everything in in the . 
<sos> it does n't mean to buy red red . 
<sos> it means you you the career you want to do . 
<sos> remember that you ca n't have that child that you have to be or or child child . child . 
<sos> too many people in the and and look at yourself and say , " look , " what what did i do ? " 
<sos> i want to change what people in the do do . 
<sos> this is a story that shows how it can . 
<sos> it 's the story . 
<sos> i came back to my office when she was 25 , because she did it . 
<sos> she said she 'd like to work in in art , or not , but she would n't have decided to have started in the past . 
<sos> because the was was , with her friend who was more his office than his his . . 
<sos> and even their were hard , they were much worse . 
<sos> they were often in the local , but they decided and said , " your family ca n't tell you , but your friends friends . " 
<sos> one day came very late , and cried almost all the hour . 
<sos> she had a a , and she spent the whole morning to her her many , , but then she looked at the the place that came up , " " please please please please . " 
<sos> she was nearly , when she looked at me and she said , " who 's going to be me for me ? 
<sos> who will going me ? cancer ? " 
<sos> i moment i had to tell me to say , " i . " 
<sos> but fast needed no therapist that really really to them . 
<sos> i needed a better life and i knew this was their opportunity . 
<sos> i had met a lot of my , , to just , how media media were in in . . 
<sos> in the next weeks months months , i was three three , , every every , every man , or man . 
<sos> first , i told , she did n't have to ask a a . 
<sos> so i me you you look something something you would . . 
<sos> it 's something that you you a investment investment is something something you want to be next . 
<sos> i did n't know anything about happiness , and nobody knows how the future of work . but i know . 
<sos> so now the time for this international job , this this , this particular idea that you try trying to . . 
<sos> i do n't miss the the the the but the that n't count . 
<sos> this is enormous . 
<sos> i said , " go down , but guess what . 
<sos> secondly , i think the urban is is . 
<sos> good friends are good for to come to the airport , but but , the the people with people people who think like the , of the , , they they to think about how they they how they work and they work . work where they work . 
<sos> this new new , new new emerged at the outside of the . . 
<sos> new things comes out of " and so friends friends friends friends friends friends friends friends friends friends friends friends friends friends friends friends friends friends friends . 
<sos> it 's true half of the , or or not busy . 
<sos> but half other half , it 's not weak . 
<sos> half the jobs never never stopped . so if you give your boss neighbors , you do n't get a job . 
<sos> it 's not a . . 
<sos> the last advice : emma believed that you did n't save the family , but the friends . 
<sos> this was for them as they grew , but as soon would soon soon their own family when they got a partner and a a family family . 
<sos> i told her time , a new family family would be . 
<sos> you may think that it 's 30 30 than than 20 or 25 and i agree . 
<sos> but if you you 're trying to or or , in your life , everybody on facebook is not progress . 
<sos> the best time to to your marriage marriage , before you have a a and and means means to love your love in love . 
<sos> your family family , meaning , the the and and the the , you do n't , because it works , or working with the time that she has . . 
<sos> so what happened with emma ? 
<sos> we went through , and she found the the of a a in another in in another museum in a museum . 
<sos> this weak band helped helped to get a work . 
<sos> this one gave her reason for her friend who she lived with her . 
<sos> now , five years later , it 's safe for museums . 
<sos> she killed a man that that you consciously . . 
<sos> she loves her new new and her new family and she gave me a card card , " now is the line : " in education , not not " . " 
<sos> sound history sounds like this . but that 's what i love to love . 
<sos> it 's so easy to help them . 
<sos> there are like like planes planes , just the the airport and and somewhere . 
<sos> and after the can can make a make a difference , whether in alaska or in . . 
<sos> it applies equally for both , or or , a good conversation , a great of , a a can can an enormous impact over over and over and over generations generations . 
<sos> this is an idea that all the the reach that you know . 
<sos> it 's so just what i said to alex . 
<sos> i have the privilege that same like the same day : the who are n't the new new , , makes you , for a heart , , your your your mind , your mind your family . 
<sos> do n't tell you what you do n't know , or did n't . 
<sos> you 're talking about your life . 
<sos> thank you . 
<sos> in all the , , our goal to tell us the distance between us and digital information , the gap between the world and our world and the world where we can change our imagination . 
<sos> and the distance is smaller , smaller smaller smaller smaller and now it 's smaller than a millimeter , a thick of and and computers . 
<sos> but i wondered , what if there were no oil . 
<sos> i i imagined what would look like . 
<sos> first , i developed this tool which is in into the digital world , so if you put up to the screen , it becomes the physical character . 
<sos> designers can your ideas ideas into the 3d and and surgeons in virtual organs under the screen . 
<sos> so this tool was the . . 
<sos> but our hands remain still outside . 
<sos> how can we interact with the digital information and and the whole of our hands ? 
<sos> at microsoft , , i worked , with with my mentor , , the computer and and a small room about the keyboard in a digital . . 
<sos> it 's a nice and and and to the the and and face , and you can put his hands on the keyboard , in the the , and with the the hands hands . 
<sos> you have windows and have a position in the the room , you can easily easily as a book by a shelf . 
<sos> then you can walk through this book and words and words words . all these things in the virtual walls . 
<sos> architects can their models directly with their hands hands . 
<sos> so these two examples in our digital world . 
<sos> but how would we take the whole time and the digital information ? ? 
<sos> sure many of you already experience to online online online and later later . 
<sos> but now you worry about worry about worry . 
<sos> here i have an gay . 
<sos> you view , you your mind on your head or or if your system is the geometry of our body . 
<sos> this idea idea , i started thinking about the not not just in the space , but they them them , so we can feel it and feel . 
<sos> what would such a future future ? 
<sos> so with media media lab , i joined with my colleague my and and my my company , a a . . 
<sos> well , in this case , this is of a a of of our in our world , which means that both computers , when people can move this object , at least . 
<sos> effectively , we control the gravity and control motion , by making , , , and and . . 
<sos> by creating the object digital , we managed it from the constraints through space through space and time , in human human movements , and in in the real world . 
<sos> so can can imagine what thousands of thousands can be or or or michael michael and and again in the real world . 
<sos> students can use this to study complex concepts and physics and and different , or when it is , is a real and and experience experience that you can touch and and and it 's very powerful . 
<sos> and yet , only what we 're in in the computer , is to imagine how the the world the world is changing our daily activities . 
<sos> as you can can , digital information will not only show us something , but start to interact with us as part of our physical environment , without ourselves ourselves from our our world . 
<sos> today , we started by talking about borders , but when we remove this border , the is the only limit . 
<sos> thank you . 
<sos> i was trained for for two years to be a , in china , china in the 1970s . 
<sos> when i was in the first , i wanted to to the school school for all the . . 
<sos> but my mother said , " no . 
<sos> my parents wanted to engineer engineer . 
<sos> after the the survived , they believed that the only way to become a good job and good job . 
<sos> it 's not important whether i do n't like the job . 
<sos> but my dream was to become a chinese class . 
<sos> that 's what i like to my my . . 
<sos> a has to be very early with this . so i tried to go to to the . . 
<sos> i wrote at the and and the the of a . . 
<sos> but the adults did my idea . 
<sos> the adults adults did it was very serious . 
<sos> only my friends were me , but they were only as well as i as myself . 
<sos> and at 15 years i knew i was too old to do with the training . 
<sos> so my dream would never . 
<sos> i was afraid that i could rest my rest of my life . 
<sos> but that 's so unfair . 
<sos> so i decided to find another another to find another . . 
<sos> no one to teach me ? well . 
<sos> so i read books . 
<sos> i flew my hunger to my friends with a book about a book and and , and " letters of the family , " i found my my in a independent woman , the the tradition of the . . " 
<sos> [ " " " ] [ " ] " the " " ] , " i came to the united states . and what did i read read ? 
<sos> of course , the china in china . 
<sos> " the earth earth is the chinese . . 
<sos> it does n't just feel like propaganda . 
<sos> the bible is interesting , strange . 
<sos> but that 's a topic . 
<sos> but the fifth made me a kind of a : " your your father and your mother . " 
<sos> " , " i thought , " it 's much different than much . . " 
<sos> that was my way and to get me from the to the and to my parents . 
<sos> through a new culture with a new culture with reading . 
<sos> this includes many . . 
<sos> for example , i did n't like this map , because new students did with this . 
<sos> it never occurred to me that china must not be in the center of the world . 
<sos> a a tells tells something about the personal view . 
<sos> that 's is actually nothing . 
<sos> in the the world is a . . 
<sos> there 's even close like african and and . . 
<sos> comparison and make a an understanding of a . 
<sos> so i thought , read reading reading in research , why not work in daily life ? 
<sos> so i always started reading two same same same . 
<sos> you can people from people -- [ benjamin franklin ] [ ] ] [ " ] " ] ] ] who was involved in the same event , or friends friends . 
<sos> [ " we call ! " [ " ] [ " ] " -- life life like " a " " ] [ ] ] , and i also the same stories in various islands -- [ " ] [ ] ] [ " ] [ ] ] , "
<sos> in had been the the the political and political nature . 
<sos> when they were all the fundamental nature : nature , fear and social -- -- interesting . 
<sos> if you create a leader , it also fun to teach the answer in two languages . 
<sos> [ " for a " " " ] [ " ] " the the -- " the the of " ] was in in in the , , i found that i i can . 
<sos> in translation , for example , i realized that happiness " happiness " " by " joy . " 
<sos> " means means means " means " new new . " 
<sos> books for me a a game , and i have one connection to the people and the past . 
<sos> i know i ' m never more lonely or more . . 
<sos> a a dream dream is nothing nothing compared compared to what many other other . . 
<sos> i ' ve come to believe that it 's not the only purpose of being a true . 
<sos> his business purpose is to to connect us in the , from dreams , where our passion and our happiness . 
<sos> even a successful dream can run that purpose . 
<sos> because i ' m here today , happy , live with a life in life , and most of time . 
<sos> like books always always with them . 
<sos> thank you . 
<sos> thank you . 
<sos> thank you . 
<sos> when i was eight years old , a new girl in her grade and she was so amazing to be as girls girls . 
<sos> she had had hair hair and a little nice news was good in geography and in . 
<sos> in the , i met before , i had a chicken plan . 
<sos> so i went to something longer longer , much longer , and i was hidden . 
<sos> when the air was , , i came up into the classroom and took it from the . . 
<sos> and then i did . 
<sos> i collected the notes of my , just a few . 
<sos> everybody 's . . 
<sos> when i wanted to leave the book , some of my other things had pretty good grades . 
<sos> so i i in all all notes , without . . 
<sos> i gave all the , and i myself , because i was all the time . 
<sos> i am still both about my behavior . 
<sos> i do n't understand where the thought . 
<sos> i do n't understand why i felt so well . 
<sos> i felt really good . 
<sos> i do n't understand why i never been for . 
<sos> it was so obvious . 
<sos> i was never . 
<sos> but most of me : why was it so me that this little girl was so good at the ? ? 
<sos> i hate me . 
<sos> it 's such such , so . 
<sos> we know babies babies suffer suffering . 
<sos> also primates primates . 
<sos> we know that 's the for for america in america is in the united states . 
<sos> but i never read a study that their their their their their or their their . . 
<sos> we need to focus on the literature , because the novel is the laboratory in the world in all its forms forms . 
<sos> is it a to say that if we had no star , we have no literature ? 
<sos> so no have no , no zero . 
<sos> no english king , no " from from . . " 
<sos> no shakespeare . 
<sos> because the line of the because because we lose , " " and and , " great great " , " " " , " " " , " . " . " . " 
<sos> no no , no no . . i know it 's come in fashion to say that the answer has everything everything , but in in , he really really it . 
<sos> this year is what we call 200 200 , , " for for the time time , and and and of of sexual sexual and and normal normal , and that thing that we can hope . 
<sos> think about how we think about feelings . 
<sos> we think about little little boy trying to sleep . 
<sos> we think a piece of cake . 
<sos> we forget how how his his vision vision . 
<sos> we forget how it is . 
<sos> these books books for virginia america as much as . . 
<sos> i do n't know what is is , but let 's say . 
<sos> let 's look why why the novel and the the , the and and and so good . 
<sos> is it obvious obvious to stop , , on person -- -- -- -- such a foundation basis for a story ? 
<sos> i do n't know . i think it 's just hard to the because because think about what happens when we are . 
<sos> when we are , we tell us a story . 
<sos> tell tell tell stories about the lives of other people and they make that they 're bad because they are so concerned that it 's bad . 
<sos> as a narrator of history and the audience we know what detail has has to to to pull the knife in the . right ? 
<sos> he makes us all of us , and knew knew . . 
<sos> in the first magazine , " in world world , in the , , , the of the , , very to about his and , and like her name in the bed , and suddenly , suddenly , , so they , they , like , , , and
<sos> everything that gives me me and somebody else else else might be familiar , maybe even at this moment . " 
<sos> this is the story he told himself , and by this , , , , , new door that he he he he his his his his his his his his . . 
<sos> we have to admit that and and and police . . 
<sos> twenty friends have have had to leave the country if they want to to with him . 
<sos> you do n't have to get it , to see that it 's hard work . right ? 
<sos> volunteer is tedious . 
<sos> it 's a amazing emotion that needs to be . 
<sos> what causes the ? 
<sos> adam information information . 
<sos> heart details . 
<sos> adam , long white hair and small . . . 
<sos> mostly . pictures . 
<sos> that 's is also successful . 
<sos> basically basically the the the language of science and the . 
<sos> when they found these giant , suddenly at the door , the the of his his , he he this behavior . 
<sos> he says , " you might think that it 's , , but it 's also nothing to form a a text text or a a . . " 
<sos> he says , " there 's scientific scientific with active value . " 
<sos> now , trying to show us that causes is and look at us , but in in their core , she 's looking for search , looking for truth truth truth truth truth , and truth , and what is happening : the , the better . 
<sos> grief , , , , loss -- this is for for the wisdom . 
<sos> he says , " a woman we need that we us us to us us a a and and and of emotions as the genius of a genius who 's us us . " 
<sos> does it tell us us that we should look at women ? 
<sos> no . i think he tells us to tell us that us tells us something about ourselves . 
<sos> is there another sense that does this particular way ? 
<sos> what makes us feel us our our our our and and and ? ? ? 
<sos> do us feel different with with sound ? ? 
<sos> freud should write later . 
<sos> one day , a was a very young man named who was thought by him him his wife . 
<sos> and freud says this man is kind of strange because he did n't even know what his wife does . 
<sos> because she 's innocent , everybody knows that . 
<sos> the poor creature is under . . 
<sos> instead , looking looking looking for his wife , without without it , , behavior . 
<sos> do it too much or or with with a man ? 
<sos> [ unclear ] says the man to the woman 's woman 's wife . 
<sos> the novel is very good at this point . 
<sos> the novel describes very well as ours us us , but not exactly . . 
<sos> because the more we we , the more pulls it . . 
<sos> so i think that stop us us to follow , or things things . 
<sos> now stop us to become very . . 
<sos> and i think about eight years , but i also think the story i ' ve heard about the news . 
<sos> a woman woman came from michigan , because she went from a from a a a year ago , died messages died . himself . 
<sos> a year . 
<sos> she was trying to put the new friend in the shoes , and i i admit when i heard , i was with . . 
<sos> because let 's be frank . 
<sos> what changes is also , creativity . creativity ? 
<sos> this is something from a novel . 
<sos> this is something from a novel of english . 
<sos> consumers is one of my . . 
<sos> she 's the and and woman woman 's literature . 
<sos> from her , " two two in the train " and the " mr . " " all books , about about how to do -- how to our minds , and they 're our minds , and we 're in in the middle , in the realm of the
<sos> take tom tom , their sperm character . 
<sos> first , they want to be , and what they have , and she 's got it , and , and they 're like the french , and he 's on his name , he he their her , he he her her . . 
<sos> that 's a method . 
<sos> but what do we do ? we ca n't make tom . 
<sos> i ca n't give the world world , if i would like to days . 
<sos> it 's a shame because we live in a . . 
<sos> we live in a " gay . " 
<sos> we 're all good news of social media where the currency is . right ? 
<sos> show us the novel ? i ' m not sure . 
<sos> we do what we do when they 're not secure when they 're in a human . . 
<sos> we go to the , and ask questions . 
<sos> think about people , think about his professor professor professor professor , this this . . 
<sos> but i always always liked , because the boss boss of with the face of a face , the enemy needs a genius needs -- it needs him . 
<sos> this is so familiar . 
<sos> so needs needs his help , and him him , in the of the stories . 
<sos> but when she began to change change , and finally in the six six , as a and , and all with his solution , to up to sound and says , " we 're not paying on them , mr . 
<sos> we proud proud them . " 
<sos> and he added that there would not be any freedom , the the would not shake the hand . 
<sos> this is one of the few times we can see stories in his stories , and i think this little beautiful very popular , but also . . 
<sos> it seems like an enemy enemy , but a dangerous problem . 
<sos> in one moment , lies on a different wavelength like . . 
<sos> and next , they 're on a wavelength . 
<sos> suddenly it decided to to this genius that he he he he he he . . 
<sos> is it really that easy ? 
<sos> what if if was really a a problem ? if it just about how we connect with the other ? ? 
<sos> maybe we would n't accept . . 
<sos> we could choose . . 
<sos> but i love . 
<sos> as we wait , we still still the literature literature . 
<sos> literature alone . 
<sos> literature alone can turn , invites . . 
<sos> and who says anything : the good news , the president tom , the crazy called , . 
<sos> we exist in society . 
<sos> thank you . 
<sos> i was about 10 years old and on a a with my father , a successful in in the york part of new york . 
<sos> it was a beautiful day . 
<sos> forest forest . 
<sos> the sun would like the like like like , , if if there would have been a , , would would have been realized that we would have the first people that go through this forest . 
<sos> we came to our . 
<sos> i looked at little hut on a cliff and a about a , beautiful lake , me something . . 
<sos> behind the roof was a , , four four , , , , and and and old old . 
<sos> i was amazed , angry and confused . 
<sos> those were were too lazy to care of what they had -- -- who thought she was to them ? 
<sos> the i asked me . 
<sos> who 's looking for us ? 
<sos> how do you call it , or where " " , " who are us who sitting behind us in istanbul ? 
<sos> who 's behind us in rio ? or in or in london ? 
<sos> here in new york , the wild are about about tons tons tons and tons tons tons . 
<sos> i wanted them to think as individuals . 
<sos> i wanted to understand who job . 
<sos> how is it wearing to pick and and those ? ? 
<sos> so i started a with them . 
<sos> i went to the chicago , the the , and people in offices , and throughout the city , i learned a lot , but i was still a . 
<sos> i had to go deeper . 
<sos> so i took a job . 
<sos> i was not only with . . i drove . . 
<sos> and i prefer the mechanical and and the snow . 
<sos> it was a privilege and an exciting experience . 
<sos> everybody asks after . 
<sos> he 's there , but not as usual as you think , and days days where it 's really bad , you 're pretty fast . 
<sos> the weight is hard difficult . 
<sos> i know people who took this job several years , their bodies are still remember the weight that they her body body , tons tons of every week every week . 
<sos> there 's the danger . 
<sos> after the of of the , the in the is the most dark jobs in the country . and i learned why . 
<sos> you 're all traffic traffic , all over . . 
<sos> everybody wants to and and the spaces are not enough . 
<sos> it 's really bad for workers . 
<sos> and the trash itself is fully from from the original and . . 
<sos> i also learned about the air . 
<sos> if you read from the and , the the of the city sees a city , you see that it 's like a self itself . 
<sos> he keeps stop . 
<sos> it 's also like a or or . . 
<sos> it has to be motion . 
<sos> and then the stigma . 
<sos> you put the uniform and and , until someone someone -- whatever reason -- gets mad -- because you 're the traffic with your car , or or a a at a time in your local , or a coffee coffee in your local , , and you come and
<sos> i think this kind of particularly special , because i believe that the employees of the the most women on the streets of the city . that 's three reasons . 
<sos> they are the state of public health . 
<sos> if you did n't take the trash , , every day and and , , he would get rid of the same and and the with the that we were . 
<sos> diseases diseases been been for decades and centuries under control , would be us and us . 
<sos> the economy needs it . 
<sos> if we ca n't throw the old old , we have no place for the new power . the motors to the economy when the consumption is . . 
<sos> i ' m not the capitalism i ' m . 
<sos> and then is what i look at our average , , , speed speed . 
<sos> that 's how i how fast we used to . . 
<sos> we do n't care about our our our our our our our or or our our , , , or . . 
<sos> we take them , throw throw away , forget them , because we know there 's people on the other side that care about . 
<sos> so so i want to explore a few ways ways of thinking about how to think about stigma and and them into those entertainment , how to create a city that is sustainable and and . 
<sos> your work , i think it 's kind of . . 
<sos> you see the streets every day . 
<sos> they carry in many cities . 
<sos> you know when you expect them . 
<sos> and your work makes us ours . 
<sos> they 're like a . . 
<sos> the the that that you you , holding us us ourselves before us before our future , the financial and and that must must be be to . . 
<sos> days after 9/11 , 2001 , i was wearing a a on on the street , my little son , and he ran the and and there was a man who was his his his . . 
<sos> and i was trying to work him his work -- day day day , but i started crying . 
<sos> and he looked at me and and just said , " everything 's going . " 
<sos> everything will fine . " 
<sos> first later , i started my research over and and met the man . 
<sos> his name is ivan and we worked together ; eventually we got good friends . 
<sos> i wanted to believe that was right . 
<sos> everything gets good . 
<sos> but in our efforts to change the way we we on planet planet species , we have to pay to all the cost , including the cost of the work . 
<sos> and we 're going to be to to people who people who work doing this work , their experience , how we think about how to develop systems systems that we us about what we need to understand about the last 40 years , the united states of america and
<sos> philanthropy waste , we think we think about talking , about three percent of the national education . . 
<sos> it 's a remarkable statistic . 
<sos> in your life , in your life , if you see the next time you see , job job is to take behind clean , take a moment time . 
<sos> take a moment a minute . 
<sos> hello everyone , what ? 
<sos> that 's not enough . 
<sos> hello everyone , what ? 
<sos> my name is my gay , and i ' m drunk , the doctor with my birth . 
<sos> he took my mother six six six different directions , and i bought the air . 
<sos> that 's what i thought , what means that i was doing all the time . 
<sos> look . 
<sos> it 's . . i ' m a farmer , and and ali . 
<sos> self is not genetically . 
<sos> it 's not a . you ca n't . 
<sos> nobody 's the the my mother mother , and i did n't get because my parents cousins are first . 
<sos> you you get them through accidents like the one day day . 
<sos> i have to give you . i ' m not a source of inspiration , and i do n't want anybody anybody here with me , because everyone 's all a in in a life . 
<sos> let 's pause . 
<sos> it 's just in christmas . your land is looking for a and and what you see ? 
<sos> consumers blank . . 
<sos> and you think , " why ca n't be a little little ? " 
<sos> i have to tell you : i have 99 problems , and is just one . 
<sos> if there was an ad of oppression , i got a . . 
<sos> i grew up , , , , , and i live in new jersey . 
<sos> if you do n't feel better , i do n't know . 
<sos> in park in new jersey is my hometown . 
<sos> i love the fact that my my my my and the the same . . 
<sos> i love the fact that i moved from my home to new york city , i wanted wanted . 
<sos> a lot of people ca n't walk , but my parents ca n't n't read . " 
<sos> the my father was , " yes can can . you can . " 
<sos> so when my three three sisters sisters sisters , i me . 
<sos> when my three three sisters sisters three to a public school , , my parents used to be able to , and if we were not unique , we all of the successful of my mother . 
<sos> my father made me walk when when i was five , by my his his feet , and just . . 
<sos> another another of his was to be a to front of my nose so i 'll start them . 
<sos> my inner response was very strong , and so -- yeah , so the first day in kindergarten , i was like a a that was a too much . 
<sos> there were only six in my city and everyone was my family . 
<sos> we have 20 20 in the city , and they 're still my my family . 
<sos> i think no one ever realized that we are not . . 
<sos> that was before september , and before politicians politicians for the , , " i hate to use . . 
<sos> the people i grew up with no problem with my faith . 
<sos> but they were worried worried i could be . . 
<sos> i explained them that i spent my my three three months three months , so i was allowed to until until . 
<sos> i met on a . . 
<sos> yes , the . . crazy crazy . 
<sos> my parents could n't afford afford so they sent me me . 
<sos> i learned how to dance , so i can run up . 
<sos> and i ' m come from where it 's really important to be , so when when my friends , , i also . 
<sos> and when my friends started to the shore shore , , i did n't . 
<sos> i spent my summer in a , because my parents were afraid , if we were n't every every single summer every day , day day . 
<sos> the the often that that my dad would me me me , so i milk milk , i got dead dead , and , and i still remember the water in the eyes , and i thought , " it ! it works ! " 
<sos> but one more we found . . 
<sos> i have to say it 's really boring boring , but before i did , i was a a of that who ca n't even . . 
<sos> now i can stand on my head . 
<sos> my parents always always me that i was able to be able that was not impossible was my dream , and my dream was at the general general . . 
<sos> because of , i got a great scholarship on the west , the university state , because i every every . . 
<sos> i was the ultimate of . 
<sos> everybody loved me . 
<sos> i did n't mention the homework as the young children in all my my , , in in their . . 
<sos> every time i went from the , " the , , my teachers . 
<sos> but i never never . 
<sos> in my my , , eventually she became a piece called " she read in in . . " 
<sos> a piece about a girl . 
<sos> i was a girl . 
<sos> so i went everywhere , i get a role . 
<sos> i forgot . 
<sos> finally ! finally free ! 
<sos> thank you , i am finally free ! " 
<sos> i did n't . 
<sos> business brown got the role . 
<sos> i was the the of of , i cried , when someone had my my cat , and she asked her why she told me she was not going to be the . . 
<sos> i said , " sorry , but if i ca n't do the the , they ca n't . " 
<sos> i was born for this role , and they gave them without without . . 
<sos> the life life . 
<sos> hollywood is very unusual to physically physically physically . 
<sos> after that , i moved home . my first role was a in in a . . 
<sos> my dream was true . 
<sos> and i knew that i soon from the " , " " " . 
<sos> but instead , i was a single school that was just on my mind , and i realized that there 's no heart , ethnic , an actor . 
<sos> they were just perfect people . 
<sos> but some simple rule . 
<sos> i grew up with nigeria , and both and and , and all these women had one common : they were . . 
<sos> so i became . . 
<sos> my first job was to be famous famous from new york city in new jersey , and i never never the face of the first i ever forget when he realized when he was on the street in new york with a . 
<sos> i grew up in across the u.s states , i visited across the middle east in arabic , and and . 
<sos> some people say i am the first major in in arab arab . 
<sos> i do n't like to say the first , but i know you never never heard of the bad news , women women are n't stupid , and they find us . . 
<sos> 2003 , my brother from a another mother and dad , dean , and i with the new york american american now that now now 's now . . 
<sos> our goal was to see the negative picture of americans , in the media , and the first thing that the west and and and not are not . . 
<sos> the was much much much much than the challenge challenge against the stigma of disability . 
<sos> my big breakthrough was 2010 . 
<sos> i was considered when i call " " to . . . " 
<sos> i went to to the , , , they me in a studio , and me me with a chair chair . 
<sos> so i looked at the and and said , " excuse me another another chair ? " 
<sos> and she looked at me and said , " five , three , two ... 
<sos> and we live . 
<sos> so i had to move on the table of the , so i was not in the front of the screen , and when the interview was was , i was . . 
<sos> there was my chance , and i had her , and i knew i did n't know again . 
<sos> but mr . did invited me me , but made me a a and and my chair chair . 
<sos> working work with keith , i learned something taught : all the people are the . 
<sos> people say , kids are cruel , but child child , never made me about me . 
<sos> in the world wide web , with my disability . 
<sos> if i look at online videos , i look like , " why , why ? 
<sos> " stop is that ? ? " 
<sos> and my favorite , " poor skills . 
<sos> did it disease ? 
<sos> we should pray . . " 
<sos> in fact , my disability into the the : : professor , private . 
<sos> disability is is visible visible . 
<sos> if a does n't n't play , , can can not play . . 
<sos> the u.n are the biggest -- yes . it 's a . value . 
<sos> people disabilities are the biggest minority in the world and we are the in the . 
<sos> the doctors said i never never run , but i sit here here . 
<sos> but i i knew media media would n't be here . 
<sos> i hope we can put a complete picture of media media and media . 
<sos> maybe it would be less hatred in the internet , more positive positive . . 
<sos> or not . 
<sos> maybe it 's still a a good job for a child . 
<sos> my journey with me a very very special places . 
<sos> i built to the red next to local and and the the . . 
<sos> i put in a film adam adam adam , and with my work , wonderful afternoon . work . 
<sos> i grew up as a mall , the around world around the world . 
<sos> i was in the great great in in the national national 2008 . 
<sos> i ' ve founded the , , , a a , which is trying to give sense of the opportunity to give me my parents parents . 
<sos> but the one moment that most most most -- before this -- -- that the moment that most most most , when when i was before the man who looked like a a , and how a bee dish , the and , like the . . 
<sos> that was the only time my father ever had ever thought about me , and i heard this talk to him . 
<sos> : god god your soul your dad , dad . my name is delicious , " if i can can . " 
<sos> there was a period where we were major problems . 
<sos> on 21 21 , the famous from from the the apollo and and the the sea of the . . 
<sos> armstrong and machines were alone , but their presence on the the was the the of of a . 
<sos> it was the greatest largest in in history history . america . 
<sos> to the moon , it 's about about billion billion dollars in the value , or four percent of the . . 
<sos> apollo created jobs for each people and the collaboration of 20,000 companies , universities and entrepreneurs . 
<sos> people died , including the first one . 
<sos> but until the end of the early people became people to the moon . 
<sos> from the 12 , the the surface , is , after death death in the last year . now . 
<sos> why did you ? 
<sos> they did n't take much back : two - - old - , and something that all 24 later later -- a new sense that our our home our small and fragile . 
<sos> why did you go well , because the president kennedy wanted to show that his nation had better better . 
<sos> but every own words of sound at the university of a . . 
<sos> now , apollo was not a victory of the across the east during the cold war . 
<sos> at the time , the was a sense of the forces forces . 
<sos> they flew the moon because it was something . 
<sos> the happened was a a a series series series . 
<sos> the first half of the 20th century came into the airplane , and and a vaccine against tuberculosis . 
<sos> in the middle century , polio and smallpox smallpox eradicated . 
<sos> technology seemed seemed to to realize what was called a a called called " . . " 
<sos> for the majority of human history , we could n't afford faster faster a horse or a boat or a , but in year , the average of the apollo 10 percent of about 10 percent of an hour . 
<sos> since 1970 , no human beings are on the moon . 
<sos> no one has ever faster faster than the the of apollo , and the the optimism of the technology is is great , because the great problems that we with with technology , for example , for example , to clean clean , , clean energy , the world ,
<sos> i remember remember as a . 
<sos> the the 17 17 , and my mother took me , not too much in the in america . 
<sos> i had a idea that would be the last news , but i was sure i was going to give my life in my life . mars . 
<sos> the 's something something happened with our ability to solve problems with technology , has become a . 
<sos> you hear it . 
<sos> we ' ve heard here at the last two days here . 
<sos> it 's a if you have technologists technologists and and himself yourself with positive objects , with like and and and social media , social algorithms . 
<sos> it 's nothing wrong with those things . 
<sos> they have our own lives . 
<sos> but they do n't solve the problems problems . 
<sos> what happened ? 
<sos> there there is an enormous explanation from the silicon valley where where where you have been , fewer has has been more than than years in the years , , , microsoft , and and and . 
<sos> in silicon valley , you would have markets , in the the , the the business companies . 
<sos> silicon valley says that the way moved to ideas , ideas ideas and and problems problems problems problems even problems problems problems problems . 
<sos> but that explanation is not good enough . 
<sos> it explains mainly with with silicon valley . 
<sos> even more likely ever found little little little , tiny little tiny within a decade within 10 years . 
<sos> investors investors has always been able to use energy in energy like energy , which is a tremendous moral and and development , and , and never never never the development of technologies , the great problems problems without sustainable resources . 
<sos> no , the reasons why we ca n't solve a big problem , complicated and . . 
<sos> sometimes we decide consciously not not the big problems . 
<sos> we could fly for mars if we want . 
<sos> nasa even even a plan . 
<sos> but to mars mars would be a political decision choice of public and and it will never happen . 
<sos> we wo n't go to mars , because everybody thinks that there there are there are things to be done . 
<sos> another time we ca n't solve the big problems because our political political systems fail . 
<sos> today , less than two percent of the earth , renewables sources , like solar , and and less less than two percent , and the reason is is . 
<sos> coal and natural are are solar and wind and cheaper cheaper cheaper . 
<sos> we all want to hire , can can . . . it exist . exist . 
<sos> now , is that , , , and and and all the all the the same , the national and and international development evolution of evolution alternatives is a a global growth in global development and development and and and a cost of carbon carbon . 
<sos> but in the political political , there 's no hope that the united states or or the international needs to protect and and . . 
<sos> sometimes are common problems that technically technically , but not that way . 
<sos> it has been been saying at the on the ground . 
<sos> but 30 years of taught taught us that the political value are political impact on impact . 
<sos> technology can be things like systems or systems like transportation and transportation , but it will happen , long levels . 
<sos> ultimately , big problems will sometimes the solutions because we do n't understand understand . 
<sos> president president after the war war war war , but found found that there are many types of cancer , which most of the most powerful society are against therapy , and only for the last 10 years years . 
<sos> difficult problems hard hard . 
<sos> it 's not true that we ca n't solve problems . 
<sos> we can we need to , but we need to be able to get the four elements : the politicians and the public must have to to solve a problem problem ; institutions , it has to be a huge problem ; and we need to understand it . 
<sos> the the that became a kind of technology for the ability to solve the problems problems problems , . 
<sos> but this is a model which ca n't be in the future . 
<sos> it 's not the . 
<sos> there 's no war struggle like cold war , no politicians like john kennedy , who was everything and dangerous to a mystery and not a like like the the of the solar system . 
<sos> but on the end , it ended up to the moon . 
<sos> he was only three days . 
<sos> and it 's moral if that 's a problem problem solved . 
<sos> we 're ourselves ourselves and the solutions of the future . 
<sos> god knows it does n't seem anyway . 
<sos> thank you . 
<sos> i want you to close your eyes . 
<sos> imagine you you stand your your . . 
<sos> open the door , her color and the material made it made . 
<sos> now imagine a group of your on your bike . 
<sos> it 's a german and and you come up and your . . 
<sos> you really need to . 
<sos> they refused to , and they directly attention . 
<sos> and then they 're all right into your . . 
<sos> bicycles , wheels , all over and and . . 
<sos> now you get the threshold of your your your your your your or , or the on the other side of your hand , lies , and how the lights . space . 
<sos> the light seems on monster . 
<sos> it showed you from the of of a . . . 
<sos> a a horse . 
<sos> you can tell you how your your your your your nose . 
<sos> you got the to put it in your mouth . 
<sos> go on him , in your room . 
<sos> here 's your performance to your imagination imagination . 
<sos> their clothes cover only only the they they called " the baby , , " , as they 're on your heart . . 
<sos> now me now in your kitchen . 
<sos> the soil got through a yellow response , and from touch , coming out of the , , , and the and from the , , " hand hand hand hand hand . 
<sos> okay , now your eyes . 
<sos> i want to tell you from a very important website that year every year in new york city . 
<sos> it 's called " gay gay . 
<sos> a few years ago , i wanted to call these these as as as , and the the of the . . 
<sos> it was a bunch of and few few , , very small and old . 
<sos> they were looking at moral hundreds of numbers numbers . 
<sos> learned the names of criminals . 
<sos> and it was just in minutes minutes . 
<sos> they were about who get the order of a a better at the . . 
<sos> this is crazy . 
<sos> these people have have have skills . 
<sos> i started to with with some of them . 
<sos> this is ed , , a guy who 's from england and there 's one of the moral . . 
<sos> and i asked him , " ed , did you notice that you have ? " 
<sos> ed said , " i am not a . 
<sos> i only have an average memory . 
<sos> everybody who here here , will tell you that he or he just a . . 
<sos> we all have all of using techniques techniques , trying to understand these incredible incredible techniques , techniques that the the the two two years ago , the same techniques , used to learn to talk about the , and and the to the books to learn . . 
<sos> and i thought , " wow , how is that i ' ve never heard about it ? " 
<sos> we stood out of the and and , wonderful wonderful , brilliant , and something serious says , says says to me , " josh , you 're a a journalist . 
<sos> do you feel ? ? " 
<sos> i said what ? 
<sos> " i 'd like to cook by how to get the the of of a . . . 
<sos> it would the the world that anybody can . " 
<sos> i told him , " i ' m not really smart , but you could tell me . 
<sos> i mean you have to start somewhere , right ? 
<sos> and that was the very strange journey for me . 
<sos> i spent spent a lot of the next year , my memory , but but also to understanding it and understand how it works it does n't work and what what could be . 
<sos> i really know really interesting people . 
<sos> this is for example . 
<sos> he suffering under , and probably the worst memory in the world . 
<sos> his memory is so bad that it 's not remembered itself . it 's amazing . 
<sos> even though it was tragic tragic , he was brought in how much our our minds to us who we are . 
<sos> on the other side of africa . 
<sos> kim bears . 
<sos> he was the the for the word in the movie . " 
<sos> we spent a afternoon together in the public library in in city , in love . . amazing amazing . 
<sos> and i came back to bring a whole of of about memory memory , which was about two years ago and more in in in in and and later . 
<sos> and i got a whole really interesting things . 
<sos> especially me , there was a time to try to memory memory memory , to , not almost virtually as as as as today . 
<sos> there was a time to people people people in their memory , 
<sos> so over the last few millennia , we have been a series of technologies -- from the alphabet , , to the , , the the , the computer , the computer , the smartphone that we always made us easier to our our memory , this human human human
<sos> these technologies have changed our modern world , but at the same time . 
<sos> they have changed and and i would argue that they have changed us . 
<sos> without the the to remember , sometimes sometimes when we forget how like this . 
<sos> one of the last places of these earth , where you still find people still still find their own memory , and and and , is this unique . . 
<sos> in fact is not unique unique , like like like this around the world . 
<sos> and that took me to my mind , i wanted to know how these people do . 
<sos> a few years ago , a university university university university university in a lab . 
<sos> they wanted to know is the structure or their brains brains different than the rest of us ? 
<sos> the answer was no . 
<sos> are smarter smarter than we ? 
<sos> they gave them a a and and the answer was n't . 
<sos> there was a interesting and and difference difference between the brain of a and and one of the 
<sos> when you put it into a and and your brain , as you look at , faces , images and images from the , , you can see that there were some more of than the rest of us . the rest of us . 
<sos> it seems like you to use the part of the that used to be used for the . . 
<sos> why ? can we learn from this ? 
<sos> the the to to the best memory by a kind of of every every time with a new technology to the more of and and the rest of the . . 
<sos> this is my friend ben . 
<sos> on the table before there are 36 that he he himself himself from an hour with a technique that he invented and , and he realized . 
<sos> he used a similar technique around the four of four in in a half an hour . 
<sos> yes . 
<sos> and even though it 's a real techniques techniques to look at things in these these , , all all the techniques on the concept , which psychologists " psychologists . " 
<sos> so so the called this fantastic model of this concept , it 's like : if i two two , please the same word , and , and i say , " you you that there 's a person called new . . " 
<sos> that 's his name . 
<sos> and i 'll say , " you you there 's a person who 's . " 
<sos> if i come back to a moment , and say , " do you know the word that i said before you ? " 
<sos> you know what word was ? " 
<sos> the person person who was called the , remembers with the probability of the word as the person person who person to person . 
<sos> same word , ideas says ; that 's strange . 
<sos> what 's going on ? 
<sos> well , the name baker does . 
<sos> it 's absolutely independent of all the of that comes down in your head . 
<sos> but the job of the , we know . 
<sos> wear wear white white . 
<sos> baker have to hands hands . 
<sos> ss smell good when you come from home . 
<sos> maybe we even have a . . 
<sos> and if we hear the word first , we will take this with with the word and allow it later . 
<sos> the secret of what in in in the in the the and the secret to to see better better better better is is to find a way to put the name in the profession , and that information that does does n't work with meaning , in meaning , in
<sos> one of the the techniques can 2 two years back to the mountains . 
<sos> she was known as the . 
<sos> the story of his is like this : there was a poet named called who was a . . 
<sos> he was for the conversation because because when you wanted a big big big , , you do n't have a . , but a poet . 
<sos> he wears his poem from the memory , and in the room room , right right now , the the behind him and and everybody else . 
<sos> not just dead dead , their bodies are up . 
<sos> nobody can tell who who was who nobody knows knows who knows . 
<sos> the ca ca n't be properly . 
<sos> it 's tragedy tragedy . 
<sos> it 's out the only one of these catastrophe , he he his his eyes and suddenly he he found his his eye eye , which where where where . 
<sos> and so he 's the the the and and it it through the . . 
<sos> in that moment , we realized anything that we all know that all we know , no matter how bad name we name name , or our personal colleagues of our colleagues , we can have a very good and and memory . 
<sos> i 'd like to tell you the first 10 words to read about this , so you would find it hard . 
<sos> but i bet bet if i would ask you to remember who at this moment moment at a moment of boring in in your , , then you feel the . . 
<sos> the idea of the is is to make a building - eye eye and and it with pictures of the things -- the the , , , , , , , , , , , that is is to be in the memory . 
<sos> this is an aerial that that across over two years old old across the memory . 
<sos> so how does it work ? 
<sos> suppose you 're invited to talk at ted ted , and you asked him to memory memory , just like the would would have been to to two years ago ago . 
<sos> you could call this : imagine your your your . . 
<sos> imagine you an absolutely crazy and and story with a , to remind you that you 're talking talking about this crazy crazy . . 
<sos> and you go in your house and look the monster on the back of mr . ed . 
<sos> and that would remind you to remember your friend . 
<sos> and if you look look like , you remember an anecdote anecdote you tell you . 
<sos> you 're in your kitchen , and the fourth thing you talk about was was this strange journey that you go for for a a year . and you have some friends who help help you remind you . 
<sos> so it turns out their their was not -- not word word word , but but for topic topic . 
<sos> the english phrase is called a " a piece of sentence , comes from from the greek word " " means . " 
<sos> these are more of than people people and and in terms of scale . 
<sos> the the first means means is called " first place to your your . . " 
<sos> i found this just fascinating . 
<sos> some some more . 
<sos> i wanted to make something more about these moral behaviors . 
<sos> but there was a problem . 
<sos> the problem that consumers is absolutely . . 
<sos> it 's like a group of people who sit sitting and write . 
<sos> it 's pretty exciting . 
<sos> i ' m journalist , i need something to write write . 
<sos> i know the things things happen in the people of these people , but i have no access . 
<sos> so if i wanted to tell this story , i had to move . 
<sos> and so i began to every every every 15 minutes 20 minutes before i came with my my , , something something something . . 
<sos> maybe a poem . 
<sos> the name from a old sign that i bought on the . . 
<sos> i needed to make fun fun . 
<sos> i never never imagined . 
<sos> it 's fun fun because it 's not about the memory . 
<sos> you 're going to better better and better them , , crazy , , , , and hopefully hopefully beautiful images inside your eyes . 
<sos> i fell . 
<sos> here i am with my . 
<sos> a couple of and and a that were two to two little things , because the greatest enemy of the . . 
<sos> i went to the same that i used earlier earlier . 
<sos> and i me to remember this as only as successful . 
<sos> it could be nice nice to be my . 
<sos> the problem was this experiment did n't like planned . 
<sos> i won the red what did n't happen . 
<sos> it was nice to talk to be and and and and and , but that was not what i wanted to . 
<sos> these are just tricks . 
<sos> tricks work work because they 're ideas in ideas ideas . 
<sos> you do n't want to build anything or or to pay to to the could be able to keep the . . . 
<sos> we often talk about people with people as though it would have a special problem , but that 's not true . 
<sos> good are are . . 
<sos> we make things better when we stop . 
<sos> we remember when we are . . 
<sos> we remember , if we have the possibility to understand why information information and experience for us , why they have meaning , and and if we can put them into something that we can in in our sense of our culture because if we created the name of "
<sos> the bottom , these are , they 're just shortcuts . 
<sos> it 's not even stupid . 
<sos> they work because they work us . 
<sos> they teach us to to and and attention , in a way that we do n't usually . 
<sos> but there are no shortcuts . 
<sos> that will happen in memory . 
<sos> one thing i want to leave you with the is something that , by the , , the man who was not remembered to be remembered , learned our lives . 
<sos> how much are we going to live to from our life life , that we 're looking at our our our our our own , our iphone , instead of trying to tell us to tell us how to tell us ? how much are we ready to lose ,
<sos> i learned that the memory , in every one of us . . 
<sos> if we want to live a life , we need to remember the person who n't remember . 
<sos> thank you . 
<sos> at 27 27 , i got a three job in the for a . 
<sos> public public in new york york new york . 
<sos> as everybody teacher led me and tests . 
<sos> i gave homework . 
<sos> the work work , i i grades . 
<sos> the iq was not the only difference between the best and local students . 
<sos> iq 's not my students students . 
<sos> some of my children are particularly well . 
<sos> that 's me . 
<sos> what you 're in in in is is difficult difficult : : numbers , both , the the of a . . 
<sos> but not 's not these concepts . i was convinced that all my students could learn if they worked together and hard enough . 
<sos> after a few years later , i came to the conclusion that we have a much better understanding of students and learn from a perspective of motivation , from a psychological perspective . 
<sos> what we can measure in the best is the iq , but what if you live in school and much more much more than the ability and easy ? easy ? 
<sos> so i made the classroom and made a a . 
<sos> i started studying kids and adults in all sorts of models . i always ask , who 's successful and why ? why ? 
<sos> my college and i went to west west . 
<sos> we tried trying to keep their communities and the . . 
<sos> we went to national school and tried to understand the children come come . . 
<sos> we studied in who were very difficult very difficult , and asked teachers teachers the the end of the school , , which would sell them the students would pay their students . 
<sos> we studied partnerships with and and asked them . 
<sos> and most of money money . 
<sos> in all these different figures , a a as a . . 
<sos> it was not social intelligence . 
<sos> it was n't good good physical physical and it was n't iq . 
<sos> it was thrilling . 
<sos> fantastic is passion and technological for very long . 
<sos> enormous is enormous . 
<sos> it 's is if you think about a a , not just for a week or a month , but for hard , hard hard to help that . 
<sos> it is life like a marathon , not . . 
<sos> in some time i started started public public schools in chicago . 
<sos> i asked thousands students at the university of lunch , , and then then over a year , who wanted to travel . 
<sos> it turns out that kids have higher higher higher than the the , even even if i all all the characteristics of things like things , like tests tests , even even in school in school . 
<sos> so , matters is not only in love and and , but in school , especially for children children . 
<sos> the the thing about this topic is me that we know that science is so little little bit about how to it it . 
<sos> every day ask me and teachers , " how do we do that children ? " 
<sos> how do i teach a local ? ? 
<sos> how do you deserve it ? ? 
<sos> the honest answer : i do n't know . 
<sos> but what i know is they do n't care alone alone . 
<sos> our data show that many lot of people people just could n't stay . . 
<sos> in fact , it 's our our not not , , but it helped to talent talent . 
<sos> the the best idea i ' ve been talking about the is is called the . . 
<sos> this idea was taken at the stanford university of university , and the the belief that the ability to learn how to change their own . . 
<sos> dr . doctors showed that if you learn about the brain and learning how to change as an answer to change and and , at very much more likely , because they do n't believe that failure is not a strange condition . 
<sos> and that changes is a great idea for the . . 
<sos> but we need more . 
<sos> here i want to mention my we are already that way . 
<sos> that 's the work that lies us . 
<sos> we need to ideas our best ideas and and . . 
<sos> we need to measure if we succeeded succeeded . we need to be willing to fail , have to learn to learn lessons and start from scratch . 
<sos> in other words , we need need to give our kids . 
<sos> thank you . 
<sos> the center of my work is the to of our and and become part of the environment where architecture from natural natural , local conditions and traditions . traditions . 
<sos> today , today as an example i wanted to projects . 
<sos> both projects are in california , in ethiopia and one in tunisia . 
<sos> they also have common that the different perspectives from different perspectives of architecture . 
<sos> the first example began with a invitation , a a of of capital in capital capital . 
<sos> this is the kind of building that gave us my team and me , as an example of what we needed to be . 
<sos> first thought i wanted to . 
<sos> after after some of these buildings -- there are many of them in the city -- we realized that they have three . . 
<sos> one , these buildings are empty , because they 're very large , , where people ca n't afford to buy things . 
<sos> secondly , they use energy much because because surfaces surfaces is actually heat heat heat , and then takes a lot . 
<sos> in a city that should n't happen , because they have pretty bad weather that was between 20 to 20 . 
<sos> and thirdly has nothing nothing to africa with ethiopia . 
<sos> this is a place with a rich rich rich and tradition . 
<sos> and i was at first first of the old market about this old market , where thousands of people and people , and , at a small . . 
<sos> it also has this idea of artificial space that uses the walls to create activity activity . 
<sos> so i thought that 's exactly what i really want to do , not a mall mall . 
<sos> but the question was how we create a moral system to create buildings . 
<sos> the next challenge , when we looked at it , because it 's in in a right city of the city where most of the buildings that you see in the picture , not there . 
<sos> it 's there between two two that have n't have hundreds of feet . 
<sos> first , we create a connection between these two streets , and farmers all the the . . 
<sos> it turns out in a moving of which is a a in the building , itself its its own form and and . . 
<sos> in order , we the the idea of a market with small stores , which every every , because of the form of heart change . 
<sos> i also also how how do we building ? 
<sos> i really wanted to find a solution to the local local . 
<sos> i started thinking about reading , a a out of concrete , the air air , and the light , but in some form . 
<sos> and i me those beautiful buttons to the . . 
<sos> they have the properties of a and and helped helped the entire . . 
<sos> we build building with these little bits , , the windows , the air lights in the way . 
<sos> and this is through these little , , light , which light light from the light to building the building . 
<sos> it was n't just simply working with those ideas , because they thought , " this is not an mall mall . we did n't stop . " 
<sos> but then we all realized that this idea of the is much more powerful than the idea of because because they can sell sell more . . 
<sos> the concept of labor was much , much , not just because of the the compared , glass , but because we do n't have air conditioning . 
<sos> so we created some of that we used to do this project . 
<sos> the first first was to think about how we could build the building better , in a city , almost a daily day . 
<sos> we created a pigs contribution by walking on the roof . 
<sos> under these three , we chose us the the as a new public space and and that that the . 
<sos> these these on the roof collect the water in the the . . 
<sos> hopefully at the next year , we have the construction to to 5 . . already already . 
<sos> the second example is a a for 2,000 and and institutions . 
<sos> so as a project project , the biggest project i ' ve ever had , i had to understand the city , but also the environment , the tradition and the culture . 
<sos> during these analysis , i ' m looking at the , which is is 1,000 1,000 years old - old structure that was from one wall , by 12 , and by almost straight . 
<sos> when i went to the site , the first step to the the streets to create the first 12 , and like like like in and in other cities . 
<sos> in addition , we some some points points in the concept of these and and and them with lines lines and and that creates the original pattern . 
<sos> the last step was thinking about the cell , the little cell of the the as the as part of the . . 
<sos> what would the best design in in practice for a ? ? 
<sos> this is the , because of the between between both and that is created and natural natural natural . 
<sos> so we have a pattern about the that most most are perfectly in in this direction . 
<sos> and that 's the result , it 's almost a combination of a and and arab city . 
<sos> there are layers with layers and in the ground , all this whole . . 
<sos> it also the the that that higher higher density in the upper and and a massive density in the . . 
<sos> it increases the concept of . . 
<sos> the volume has this this form form itself itself by three different molecules , and it also also into the into the ground , , in the , there are three different institutions , like a a and a a , and it 's a a series of activity that
<sos> the roof , my favorite project in this project is the community of the space to the building . 
<sos> they can build neighbors neighbors and and , things like a a morning on the morning , from a building . 
<sos> these two examples a shared approach . 
<sos> they 're in areas where you can see the cities literally cities . 
<sos> in cities , the impact of architecture today and future lives people communities local communities and growing growing as the buildings . 
<sos> and that 's why i think it 's important , architecture , but the solutions solutions that relate the relationship relationship of the community and the environment and nature and people . 
<sos> thank you . 
<sos> i want to talk about about and i want to remind you about opinions opinions . 
<sos> they are so much that they become . 
<sos> that 's my view of three . 
<sos> first one : trust is strong in trust , trust . 
<sos> goal goal : we want more trust . 
<sos> and one task : we should trust the trust . 
<sos> i believe that the the goal and the task on wrong . 
<sos> i i want to tell you another story , a goal and a challenge to a much better approach based on . 
<sos> just the : why think that trust is trust ? 
<sos> and i really know about my argument about this : i do n't know the answer . 
<sos> maybe it 's in in some few or or and and other other . 
<sos> i me . . 
<sos> but i course , i can look at at those who are the the of the believe that trust is trust . 
<sos> take a look at a period , it 's not a big deal . 
<sos> in the people , 20 years 20 years ago , mainly journalists and still , still still . 
<sos> and the people who became very very , very much , : : , . nurses . nurses . 
<sos> we 're in the the average citizens is almost right in the middle . 
<sos> but is that good proof ? 
<sos> social flexible -- clear . 
<sos> what could they do ? 
<sos> so you look at the general mindset of people when you ask certain questions . 
<sos> do they trust them ? 
<sos> now , somebody else you trust ? 
<sos> trust trust ? 
<sos> trust trust ? 
<sos> well , would you say , " what ? 
<sos> and that would be a response response . 
<sos> and if you understand the answer , you might say , " i some some of you , but not . " 
<sos> entirely rational . 
<sos> in short , we try in our lives lives trust different different species . 
<sos> we do n't have that we we every every single or in in a or or two . . 
<sos> so i could say that i had a certain student of email who would teach me the first time , but i would n't let them drive . 
<sos> maybe i know know that she 's not going . . 
<sos> i suggest that my my friend friend a conversation , not , but not that it 's a secret . 
<sos> simple . 
<sos> so we know how we can look how different different can look like , why do we we know about trust ? ? 
<sos> the surveys are very bad bad about the about because they use the healthy sense that they thought . 
<sos> secondly , come forward . 
<sos> the goal is to trust . 
<sos> honestly , i feel that . 
<sos> i would n't . 
<sos> i would try to trust the more trust trust . do n't . 
<sos> i actually encourage active to do it . 
<sos> and those who who their their hands in the hands of a a , called the , , like the name already , , from the dust , [ " ] , " " " " " ] , " " , " , " i , " well ,
<sos> " more trust is not a living goal in this life . 
<sos> trust of and and should should be . 
<sos> and then you say , okay , so what 's most important , is not trust , but trustworthiness . 
<sos> i want to learn from people . 
<sos> and we need to look at three things . 
<sos> are they ? ? are they honest ? are they predictable ? 
<sos> if we put a person in the in the , , and and find , , we have a good reason to trust it , it 's trustworthy . 
<sos> but the person is , probably not . 
<sos> some of my friends are identical and honestly , but i would n't wear them letter because they are . . 
<sos> i friends friends in their own business , confidence , but they them around . 
<sos> and i am very happy that i did n't have friends friends who are and and , , but . 
<sos> if i did n't prove it . 
<sos> but after that , first , first , trust . 
<sos> trust is response . 
<sos> we need to do . that 's hard . 
<sos> over the last decades , we tried trying to all all sorts of institutions and experts and and that makes us easier to their their . . 
<sos> many of these systems have the . 
<sos> they do n't work . 
<sos> a once said to me , " the problem is that the the longer takes better than the baby . " 
<sos> in our public competition , in our institutions , have this problem on this , this profit should be and and and , but to the opposite . 
<sos> it people people like living from their hard to get them . . 
<sos> happy certainly can contribute examples . 
<sos> so so much . 
<sos> the goal is more , and it 's difficult to be if we want to stop and want to communicate , and if we want to other people or or or politicians , politicians . 
<sos> it 's not easy . 
<sos> so here . 
<sos> as as as a as you may , the the . . 
<sos> because it suggests that i and trust trust . 
<sos> we can do this for ourselves . 
<sos> we can do a little . 
<sos> so people two people their their . 
<sos> but ultimately is trust is that it 's given by other other . 
<sos> you can not leave the back to others else . 
<sos> you have to give you a basis that trust trust . 
<sos> so you must be trustworthy . 
<sos> it 's because of course you ca n't all the people at the nose . 
<sos> but they also need to be that they 're trustworthy . 
<sos> how about this ? 
<sos> that happens every day . normal people are doing , , , , . 
<sos> here 's a simple extraordinary example . 
<sos> the store , i my my my , , they me me and ask ask questions . 
<sos> they take them back and give me the money , or a few of the . 
<sos> this is great . i i you you have to me . 
<sos> this is a important morality . 
<sos> you you think about yourself than that , is a very good indication that you 're trustworthy , and you believe your own words . 
<sos> so our goal is not very hard to see . 
<sos> it 's relationships relationships between people , and that 's when and other . 
<sos> so the moral of the story is much much less thinking about trust , or about the trust , which is built by , or and , and more more about and and how to people people and useful and 
<sos> thank you . 
<sos> you know the best of the best i can see films i can . 
<sos> i love my own my with my own children , when my daughter four years old , we came together . 
<sos> the film has no longer . . 
<sos> her her was obviously . 
<sos> so she had a good excuse a a dress and a a . . 
<sos> but if you look at these often enough enough , you see how extraordinary it is . 
<sos> we live in today today and our our children in a kind of mental mental . . 
<sos> but the was of oz was was . 
<sos> he did n't follow this . 
<sos> it took 40 years 40 years to this trend , with -- -- -- -- a movie movie , a a guy , and a guy with a lot of a saved by having the the of the . . 
<sos> you know what i talk about , right ? 
<sos> right . 
<sos> well , there 's a big difference between these two movies , even several several differences between the the of of " and all the movies that we 're looking today . 
<sos> first of all , there is written in , very very . violence . 
<sos> the monkeys are quite complex as the . . 
<sos> but i think , " the " of " " would have been , would be said , " " , " you were the the of of that we were . . 
<sos> use your shoes shoes to make rid of computers from the to the the . . " 
<sos> but it does n't happen . 
<sos> another point that i at the most of is very unique , that the and and and and and and characters characters characters . 
<sos> this is the first time i when when i was my daughter , star , , which was later years , and the situation was different . 
<sos> and i got a son . 
<sos> he was just three years old . 
<sos> he was n't invited . 
<sos> but he was the second child and he was less less less than his sister . 
<sos> so he he himself , and he turns out to film the film , and he 's his his mother , and i do n't think he was understood that he was doing , , but he was certainly quite safe in it . 
<sos> and i wondered what he was there . 
<sos> does he make sure to courage courage , and and and ? 
<sos> did you notice that luke is a army army to get the government ? 
<sos> he he the that there 's only boys in the universe , , and and of of those who are really cool cool , but during the most time , are only waiting , so they can to the the with a red and and a , and for him
<sos> compare that to the the of . 
<sos> how do you make your film ? 
<sos> join yourself with everybody and a . . 
<sos> this is the kind of world that i would like my children would be -- -- -- -- huh -- -- not not in the world , in the world , struggle in the world world . 
<sos> why is there so much power -- big foot , -- in the movies that are kids for our kids and so much better ? 
<sos> there 's a lot of good literature about the impact that movies movies boys boys girls girls , and they should read . . it 's very good . 
<sos> but i do n't read so much about that with this influence . 
<sos> i know from the experience that princess did n't necessarily the model model that i could have able to find through the world of adults , in girls and boys . 
<sos> i think there was this moment moment with the first time when i really expected that , because this is a a movie , right ? 
<sos> i got my mission , i got the girl . 
<sos> why are you still there ? 
<sos> i do n't know what to do . 
<sos> the films are very on to the the the and and its reward , and there 's not a lot of other and other other . 
<sos> it 's almost like if you 're a a animal , and if you 're a girl , you should better better . 
<sos> there are the exceptions , and i 'll get the the front of each of . 
<sos> but they give a message to the boys that the young are not the . . 
<sos> they 're in helping girls girls as they can sit for the , , but they do n't show the boys of how they behave . 
<sos> there are no models for them . 
<sos> there are also some women women who stories new stories for our children and so and and and and and and and also they 're still . . 
<sos> and the most studio of all times , of course , after another , and every single one of them is a journey of a young , or or , or two men who are friends , or his son , or two or two men . 
<sos> until , how many of you think think -- this year , when you started the movie movie -- " 's the . " 
<sos> i him you all . it 's the internet . 
<sos> do you remember what the critic said , " consumers ? ? 
<sos> " oh , i ca n't believe they have a . . 
<sos> it 's very good . do n't imagine that . 
<sos> but hardly how none of those films has the . . 
<sos> i do n't know if you already heard . 
<sos> it has n't been so much and and meaning meaning , but maybe we 're going to start today . 
<sos> and is is a a and and in in the middle of the entertainment that she spoke with a friend of the of the films that they saw . . 
<sos> it 's very simple . there are only three questions that ask you : there 's more than a character in film film , which is is , and something says ? 
<sos> try try to that these . . 
<sos> and these women women at at the point ? 
<sos> and it 's about her entertainment to something like the guy that you ? 
<sos> good ? thanks . 
<sos> thank you . 
<sos> two women , who exist and talk about anything . 
<sos> something happened . i saw it , and i rarely i rarely rarely rarely in the movies that we know and love . 
<sos> in fact , i went into this week , to see a very good movie , " 
<sos> you remember ? a lot of the in the , , great excellent , a general thing about a good . . 
<sos> he falls with his with through the . 
<sos> i think that should n't , because because of a of of -- i do n't know if you saw it -- but one of of the in in a message in a message , the men and women . 
<sos> there are some good news in men in men , in , , , fear , and , and the big moment , one of of the is is to through a door and say , " you you in bed bed ? " 
<sos> there are some hollywood . 
<sos> so let 's look at the numbers . 
<sos> in 2011 , under the 100 people what do you think how many of whom would actually eat children ? 
<sos> 11 . it 's not . 
<sos> it 's not so many many as the number of women that we just only in in congress . so that 's good . 
<sos> but there is a number that bigger than this is and the this space . 
<sos> last year saw the new york times published that the government . 
<sos> she says . 
<sos> one of women women in the united states they killed in their life . 
<sos> i do n't think that blame the ultimate . . 
<sos> i do n't think anything anything anything to that . 
<sos> i do n't even argue , and and to do something to do something , but something little thing , and when i hear these statistics , is one of the things i think that are many of . 
<sos> who are these guys ? 
<sos> what do you learn ? 
<sos> take the story in the story , the the of of a race , the the with violence violence , and then the reward , which is a woman who does n't have friends friends and not talking ? 
<sos> take this story ? 
<sos> you know , as a parent who has done , a daughter , like like , , those of those who do the same , , and these statistics and very statistics , and we want them . 
<sos> we have tools to things like " , and we hope that will help , but i also ask whether if if they protect protect protect if we 're at at the same time , active or our , , " . . " 
<sos> the moral is a means that we something something very important , and i talk to the here here . 
<sos> i think we need to get our new definition of . . 
<sos> the definition of is is changing changing changing . 
<sos> they read , the new the the the of the and and . . 
<sos> they accumulate mess . 
<sos> our sons , we find find a way to go to a new relationship , and i think we really need to show you that a real man is someone someone who sisters your sisters and sisters and , and on your side , and the 's the really bad
<sos> i think we should look at what we are looking for is that if we if we find them , and looking for the the that that we can prove the real courage that people bring together and bring our sons and say , " i want to stand on
<sos> when i asked my daughter who said her doctor in " star wars , do you know what she said ? 
<sos> welcome . 
<sos> consumers and and . 
<sos> what have these two common ? 
<sos> maybe it 's not just the . . 
<sos> i think these two characters are experts . 
<sos> these are the two characters in the movie who know more than everybody else and their knowledge to share with other people to help them to their potential . 
<sos> they are are leaders . 
<sos> i love this kind of my my daughter and i like this kind of my son . 
<sos> i want more tasks like this . 
<sos> i want to talk to you in my son son said , " take a and and and , " and more tasks that he should be a team , perhaps a team that will be to to help to help people better people and better people . 
<sos> thank you . 
<sos> i want to talk about the story of a . 
<sos> i do n't know his name but his story . 
<sos> he lives in a small village in south . 
<sos> his village is near near . . 
<sos> drought is the poverty of this and and . . 
<sos> when there was nothing , there him , he left his village and went to the city , in this case , the capital , the capital . 
<sos> there , there there no no no no , no work . 
<sos> he ended up in a a outside outside . 
<sos> it was a year , but nothing . 
<sos> one day he he by a man who lunch him lunch , then to dinner , after breakfast . 
<sos> he gave them the young young people and they give him an opportunity . 
<sos> he gets a little money to get new new clothes and earn money to home his family . 
<sos> he 's young young young . 
<sos> finally he . . 
<sos> he begins a new life . 
<sos> his life has meaning . 
<sos> a nice day in in , under a , goes into the air . 
<sos> this that was was to the and and and and and young people young people . 
<sos> how could the story of a a that just just trying to fall in the the end that he himself himself into the air ? 
<sos> he had . . 
<sos> he had on a opportunity , on the future , a a , and it was the first opportunity to show him . 
<sos> it was the first thing to call him from a state called called " . . 
<sos> and his story repeatedly around the urban areas around around the world . 
<sos> it 's the history of the , the in youth , the in london and london london and and something something more than than . . 
<sos> young people people from the city , their their , , , , wealth , but young people do n't have a to the prosperity of cities . 
<sos> often is the youth that among the unemployment . 
<sos> in 2030 , three are five in five cities than 18 years . 
<sos> if we do n't get people into the growth of cities , if we do n't have choices choices , they will say , " the , in terrorism , in the violence and in cities in cities . 
<sos> in my , , , , suffering 70 70 70 percent of people young people . 
<sos> seventy percent do n't work , go to school . 
<sos> they do n't do anything . 
<sos> last month i went back to the and i went to the where the hospital where i was born . 
<sos> i remember standing in this morning , and i asked , what would i never be from here ? 
<sos> what if i was to the same condition of " ? 
<sos> would i have ? 
<sos> i ' m not sure what i should . 
<sos> the reason for my morning in this month was the the of of a young boy and entrepreneurs . 
<sos> i brought about young young papers . 
<sos> we brought together and we started leaders solutions for the challenges challenges . their city . 
<sos> he was a young man . 
<sos> he went to the university and he made his . . 
<sos> there was no work and no possibilities . 
<sos> i remember he told me that he had a a , and and frustrated and frustrated , the perfect goal was to be and and and other . . 
<sos> they were people like him . 
<sos> but that story takes another another . 
<sos> in the , the biggest biggest obstacles to come from a b , the streets . 
<sos> twenty - civil war was completely completely so that the the best way . 
<sos> he asked the opportunity and give them . 
<sos> he left a . 
<sos> he started trying to collect messages in that they could n't afford otherwise . 
<sos> and his friends and he bought 10 10 , and he moved to his , sometime over the next three years three years . 
<sos> how does that story from the other ? 
<sos> what makes difference ? 
<sos> i think it 's ability to ability a new opportunity to use . 
<sos> it 's the driving and and i believe that the can be against against . " 
<sos> it takes young people to create the economic opportunity that they them so hard . 
<sos> you can be young people to be entrepreneurs . 
<sos> i want to talk to you a young man who was at one of my meetings : : , . 
<sos> he helped me the the of of young people who on the summit , and show them how to build innovative and entrepreneurship . 
<sos> he 's actually the first person that has ever been since 22 since , until until recently , until there were artificial , artificial , which was coming out of the , , when you have to on his wedding . . 
<sos> if you asked asked asked , " when you have the last time , you , " the answer was many of you were coming in the morning . " 
<sos> so saw an opportunity . 
<sos> he founded a disease . 
<sos> he took a a and and and began to move and and , which which he could survive in in the . climate . . 
<sos> he started to start with flowers , financial private gardens and businesses and around the city , and he was working on the first of public public in in the . 
<sos> there are no public parks . 
<sos> he wants to make a place where families families and young people come together , and he says the beautiful things of life . 
<sos> just in the : he does n't buy a because they too too much water . 
<sos> so the first step is to inspire young people , and in this room had huge huge impact on the other people in the room . 
<sos> they never had really thought about a business . 
<sos> they thought it was working for a working or for government government , but this story , his innovation , had a strong impact on it . 
<sos> he was them to look their city as a place of possibilities . 
<sos> he taught them that they could be entrepreneurs that they could change . 
<sos> in the day they were innovative solutions for some of the challenges challenges . 
<sos> they had solutions solutions for local problems . 
<sos> the inspiration young people and the of of a is a really big step , but young people need people to make their ideas . 
<sos> they need social and and , they them them to business their business . 
<sos> bring you young people with the resources that they need , in them , give them support support to help them , and they will create create for creating growth . 
<sos> for me , more than the consumers of a . . 
<sos> it 's about the social effects . 
<sos> business do n't just just flowers . 
<sos> i think he sold hope . 
<sos> his name is called when it comes to the people people in their city . 
<sos> it took hired to call teachers who help help them to and and . . 
<sos> he gave them the chance of the the state of " 
<sos> these young companies have a tremendous impact on their cities . 
<sos> so my my is : : you young people who are , , and and and their their own and and they 'll more stories about flowers and and " and rather than both and and . " 
<sos> thank you . 
<sos> during my childhood , my was was my my favorite , to to the to the , because my parents parents , happiness . happiness . 
<sos> but these these are are hard . 
<sos> they 're from sand to see . . 
<sos> but after a time , i developed a . . 
<sos> i began to see shapes and patterns that helped me me . 
<sos> and that turned to an passion to find things to a love for a and and . . 
<sos> and when i finally began to study , i realized that i ca n't see my my eyes eyes . 
<sos> because suddenly grew up in my little beach in green valley , building miles , and and and and and the the size of cities . 
<sos> that led me to talk . 
<sos> i had to see different in the past past . 
<sos> i want to show you how we see differently differently we use . . 
<sos> this is a consequence called the eastern border called called . . 
<sos> and the brown brown brown brown , we use , , and and it with color color , release . 
<sos> what you see here are the chemical changes of the landscape through the and and the old . . 
<sos> what i 'd like to share with you today is how we used used to to find a a city that was called names and and for thousands of years . 
<sos> and was the capital of the ancient , , for years years years , in a , called a , , years ago . 
<sos> the is is in in and and it 's very important because it in the middle of a great renaissance of art , architecture and religion . 
<sos> and knew knew that the of the city in los near the national , , from the two , , with with red red , but but in this massive . . 
<sos> this area is huge -- four miles four three miles . 
<sos> back to the the , to the , , as soon , and moving towards the west , he 's the the city . 
<sos> so you find a a city city in a a . . 
<sos> you might find the equivalent to the needle needle in the the eyes and eyes . 
<sos> so we we realized to to a map map of the landscape to see . changes . 
<sos> where the air started to . . 
<sos> but you can see , and this is very interesting to see this easy easy , , with the circle , which gives us a possible position for the city . 
<sos> so we worked together with scientists scientists to understand what what you can see here . 
<sos> it 's like carbon in the ice , rather than the the , the climate change , you find the human human . 
<sos> in a five - five meters under under a blue layer , we found a solar layer . 
<sos> so this suggests that this possible of for us , in five meters , we we a a hundred hundred hundred years of , , to the middle realm , in the , , the the existence of hiv . . 
<sos> we found both -- -- , , , and and -- that 's a working work here . 
<sos> this may not look for much , but if you look at the the , who moved in the middle of the middle of the , then you find those rocks . 
<sos> so we found a density layer of the of of the animal in the realm . 
<sos> we also found evidence for for the for society , which that this has been a very important city . 
<sos> there were no brave , , but we will going to go back to the . to draw a map . 
<sos> but more importantly , we have about science for young egyptians who who will be trained to be the to make the great discoveries . 
<sos> so i wanted to to the with my village from the middle of the -- it was in in the city of years ago . 
<sos> you know , is the greatest greatest . 
<sos> there 's nothing left . " 
<sos> ted was not under 1984 b.c . 
<sos> but actually , they had a a . in a not a very long city . 
<sos> you ca n't seem to with the on the . . 
<sos> thank you . 
<sos> thank you . 
<sos> i grew up in taiwan daughter a daughter of my memories memories , my mother told me the beauty , the shape of the character . 
<sos> i was fascinated by this incredible language . 
<sos> but for a , seems seems to be as the great wall of china . 
<sos> so in the last few years , i asked myself how i could make this wall , so that everybody has interested in this complex language , and understand understand and understand . 
<sos> i thought that was a new way to learn chinese , useful useful . 
<sos> since i , i learned , every single one of every every to every every in in the . . 
<sos> in the next 15 , every day . 
<sos> because we only have five minutes to be an effective and a very useful method . 
<sos> a significant picture understands about 20,000 . 
<sos> they only only 1,000 kids for a successful . . 
<sos> the most 200 200 of them , 40 percent of the literature literature to enough , to to , and and and and . . 
<sos> today , i start with eight eight to show you how the method works . 
<sos> ready ? 
<sos> open your your as as possible . 
<sos> it becomes a mouth . 
<sos> this guy goes . 
<sos> " human . 
<sos> if the the of for a people with a poor people , if he would say , " help ! " "    it 's the the of of the , , but i like this . 
<sos> this is a tree . 
<sos> tree tree . 
<sos> this is a mountain . 
<sos> the sun . 
<sos> the moon moon . 
<sos> the 's for door door looks like a called from the west west . 
<sos> these eight are are radical . 
<sos> they 're the moral to create a variety variety . 
<sos> a human . 
<sos> somebody else says , then it means " follow . " 
<sos> are more , then two two of " and three and . 
<sos> if a person gets far arms , this person says , " it was so big . " 
<sos> the man in your mouth is like . . 
<sos> he 's a christian , " like like . . 
<sos> tree tree for a tree , two two for a . . 
<sos> three are together for a forest forest . 
<sos> put a a under tree tree and you have a base base . 
<sos> put a up up , it means . " 
<sos> it 's because there 's a tree tree . 
<sos> remember remember the fire ? 
<sos> two two people say hot . . 
<sos> they fire many many many . . 
<sos> put the fire under two trees , it means rain . 
<sos> it 's the sun of the wealth . 
<sos> two owners together . 
<sos> three are together . 
<sos> if the sun and the moon together , it means . 
<sos> it can also be the for the next day . 
<sos> the sun goes on the horizon . 
<sos> door . a door in the door stands . " 
<sos> put a mouth into the door , it says , " questions . 
<sos> nice . is somebody there ? 
<sos> this person comes from the door , " , " . " 
<sos> the left is the woman . 
<sos> two women together together for a . . 
<sos> in at women women , that means called " . 
<sos> we have 30 . . 
<sos> you can use it from the first eight words . words . 
<sos> next group group eight eight together together 32 words . 
<sos> a little bit you can get a few hundred hundred , like a child child . . 
<sos> if we can measure that , we 're them . 
<sos> for example , the mountain and fire together , so a volcano . . 
<sos> we know japan is the country of the sun . 
<sos> this is the sun with the , because japan is from china . 
<sos> it 's a sun called the japan . japan . 
<sos> a human behind ? 
<sos> a japanese . 
<sos> the computer links are two mountains left . 
<sos> in central chinese , it means " chinese chinese chinese chinese political enemies into the mountains . 
<sos> today is a " . . " 
<sos> a mouth , says says where it 's stands for " . . " 
<sos> this is the slide that reminds me the stage . thank you . 
